<?xml version="1.0" encoding="UTF-8"?>
<testsuite xmlns:xsi="http://www.w3.org/2001/XMLSchema-instance" xsi:noNamespaceSchemaLocation="https://maven.apache.org/surefire/maven-surefire-plugin/xsd/surefire-test-report.xsd" name="testRunner.TestRunner" time="26.47" tests="0" errors="0" skipped="0" failures="0">
  <properties>
    <property name="java.specification.version" value="15"/>
    <property name="sun.jnu.encoding" value="UTF-8"/>
    <property name="java.class.path" value="/Users/surajbhosale/Documents/SurajWorkspace/Selenium/CucumberPractices/target/test-classes:/Users/surajbhosale/Documents/SurajWorkspace/Selenium/CucumberPractices/target/classes:/Users/surajbhosale/.m2/repository/junit/junit/4.13.2/junit-4.13.2.jar:/Users/surajbhosale/.m2/repository/org/hamcrest/hamcrest-core/1.3/hamcrest-core-1.3.jar:/Users/surajbhosale/.m2/repository/io/cucumber/cucumber-java/1.2.6/cucumber-java-1.2.6.jar:/Users/surajbhosale/.m2/repository/io/cucumber/cucumber-core/1.2.6/cucumber-core-1.2.6.jar:/Users/surajbhosale/.m2/repository/info/cukes/cucumber-html/0.2.3/cucumber-html-0.2.3.jar:/Users/surajbhosale/.m2/repository/info/cukes/cucumber-jvm-deps/1.0.5/cucumber-jvm-deps-1.0.5.jar:/Users/surajbhosale/.m2/repository/info/cukes/gherkin/2.12.2/gherkin-2.12.2.jar:/Users/surajbhosale/.m2/repository/io/cucumber/cucumber-junit/1.2.6/cucumber-junit-1.2.6.jar:/Users/surajbhosale/.m2/repository/org/apache/maven/plugins/maven-compiler-plugin/3.10.1/maven-compiler-plugin-3.10.1.jar:/Users/surajbhosale/.m2/repository/org/apache/maven/shared/maven-shared-utils/3.3.4/maven-shared-utils-3.3.4.jar:/Users/surajbhosale/.m2/repository/org/apache/maven/shared/maven-shared-incremental/1.1/maven-shared-incremental-1.1.jar:/Users/surajbhosale/.m2/repository/org/codehaus/plexus/plexus-component-annotations/1.5.5/plexus-component-annotations-1.5.5.jar:/Users/surajbhosale/.m2/repository/org/codehaus/plexus/plexus-java/1.1.1/plexus-java-1.1.1.jar:/Users/surajbhosale/.m2/repository/org/ow2/asm/asm/9.2/asm-9.2.jar:/Users/surajbhosale/.m2/repository/com/thoughtworks/qdox/qdox/2.0.1/qdox-2.0.1.jar:/Users/surajbhosale/.m2/repository/org/codehaus/plexus/plexus-compiler-api/2.11.1/plexus-compiler-api-2.11.1.jar:/Users/surajbhosale/.m2/repository/org/codehaus/plexus/plexus-utils/3.4.1/plexus-utils-3.4.1.jar:/Users/surajbhosale/.m2/repository/org/codehaus/plexus/plexus-compiler-manager/2.11.1/plexus-compiler-manager-2.11.1.jar:/Users/surajbhosale/.m2/repository/org/codehaus/plexus/plexus-compiler-javac/2.11.1/plexus-compiler-javac-2.11.1.jar:/Users/surajbhosale/.m2/repository/org/apache/maven/plugins/maven-failsafe-plugin/3.0.0-M7/maven-failsafe-plugin-3.0.0-M7.jar:/Users/surajbhosale/.m2/repository/org/apache/maven/surefire/maven-surefire-common/3.0.0-M7/maven-surefire-common-3.0.0-M7.jar:/Users/surajbhosale/.m2/repository/org/apache/maven/surefire/surefire-api/3.0.0-M7/surefire-api-3.0.0-M7.jar:/Users/surajbhosale/.m2/repository/org/apache/maven/surefire/surefire-logger-api/3.0.0-M7/surefire-logger-api-3.0.0-M7.jar:/Users/surajbhosale/.m2/repository/org/apache/maven/surefire/surefire-extensions-api/3.0.0-M7/surefire-extensions-api-3.0.0-M7.jar:/Users/surajbhosale/.m2/repository/org/apache/maven/surefire/surefire-booter/3.0.0-M7/surefire-booter-3.0.0-M7.jar:/Users/surajbhosale/.m2/repository/org/apache/maven/surefire/surefire-extensions-spi/3.0.0-M7/surefire-extensions-spi-3.0.0-M7.jar:/Users/surajbhosale/.m2/repository/org/apache/maven/shared/maven-common-artifact-filters/3.1.1/maven-common-artifact-filters-3.1.1.jar:/Users/surajbhosale/.m2/repository/org/apache/maven/maven-artifact/3.1.0/maven-artifact-3.1.0.jar:/Users/surajbhosale/.m2/repository/org/apache/maven/maven-core/3.1.0/maven-core-3.1.0.jar:/Users/surajbhosale/.m2/repository/org/apache/maven/maven-settings/3.1.0/maven-settings-3.1.0.jar:/Users/surajbhosale/.m2/repository/org/apache/maven/maven-settings-builder/3.1.0/maven-settings-builder-3.1.0.jar:/Users/surajbhosale/.m2/repository/org/apache/maven/maven-repository-metadata/3.1.0/maven-repository-metadata-3.1.0.jar:/Users/surajbhosale/.m2/repository/org/apache/maven/maven-model-builder/3.1.0/maven-model-builder-3.1.0.jar:/Users/surajbhosale/.m2/repository/org/apache/maven/maven-aether-provider/3.1.0/maven-aether-provider-3.1.0.jar:/Users/surajbhosale/.m2/repository/org/eclipse/aether/aether-spi/0.9.0.M2/aether-spi-0.9.0.M2.jar:/Users/surajbhosale/.m2/repository/org/eclipse/aether/aether-impl/0.9.0.M2/aether-impl-0.9.0.M2.jar:/Users/surajbhosale/.m2/repository/org/eclipse/aether/aether-api/0.9.0.M2/aether-api-0.9.0.M2.jar:/Users/surajbhosale/.m2/repository/org/eclipse/aether/aether-util/0.9.0.M2/aether-util-0.9.0.M2.jar:/Users/surajbhosale/.m2/repository/org/eclipse/sisu/org.eclipse.sisu.plexus/0.0.0.M2a/org.eclipse.sisu.plexus-0.0.0.M2a.jar:/Users/surajbhosale/.m2/repository/javax/enterprise/cdi-api/1.0/cdi-api-1.0.jar:/Users/surajbhosale/.m2/repository/javax/annotation/jsr250-api/1.0/jsr250-api-1.0.jar:/Users/surajbhosale/.m2/repository/javax/inject/javax.inject/1/javax.inject-1.jar:/Users/surajbhosale/.m2/repository/org/sonatype/sisu/sisu-guice/3.1.0/sisu-guice-3.1.0-no_aop.jar:/Users/surajbhosale/.m2/repository/aopalliance/aopalliance/1.0/aopalliance-1.0.jar:/Users/surajbhosale/.m2/repository/org/eclipse/sisu/org.eclipse.sisu.inject/0.0.0.M2a/org.eclipse.sisu.inject-0.0.0.M2a.jar:/Users/surajbhosale/.m2/repository/asm/asm/3.3.1/asm-3.3.1.jar:/Users/surajbhosale/.m2/repository/org/codehaus/plexus/plexus-interpolation/1.16/plexus-interpolation-1.16.jar:/Users/surajbhosale/.m2/repository/org/codehaus/plexus/plexus-classworlds/2.4.2/plexus-classworlds-2.4.2.jar:/Users/surajbhosale/.m2/repository/org/sonatype/plexus/plexus-sec-dispatcher/1.3/plexus-sec-dispatcher-1.3.jar:/Users/surajbhosale/.m2/repository/org/sonatype/plexus/plexus-cipher/1.4/plexus-cipher-1.4.jar:/Users/surajbhosale/.m2/repository/org/apache/maven/maven-plugin-api/3.1.0/maven-plugin-api-3.1.0.jar:/Users/surajbhosale/.m2/repository/org/apache/maven/surefire/surefire-shared-utils/3.0.0-M7/surefire-shared-utils-3.0.0-M7.jar:/Users/surajbhosale/.m2/repository/org/hamcrest/hamcrest-all/1.3/hamcrest-all-1.3.jar:/Users/surajbhosale/.m2/repository/org/testng/testng/6.14.3/testng-6.14.3.jar:/Users/surajbhosale/.m2/repository/com/beust/jcommander/1.72/jcommander-1.72.jar:/Users/surajbhosale/.m2/repository/org/apache-extras/beanshell/bsh/2.0b6/bsh-2.0b6.jar:/Users/surajbhosale/.m2/repository/org/seleniumhq/selenium/selenium-java/3.141.59/selenium-java-3.141.59.jar:/Users/surajbhosale/.m2/repository/org/seleniumhq/selenium/selenium-api/3.141.59/selenium-api-3.141.59.jar:/Users/surajbhosale/.m2/repository/org/seleniumhq/selenium/selenium-chrome-driver/3.141.59/selenium-chrome-driver-3.141.59.jar:/Users/surajbhosale/.m2/repository/org/seleniumhq/selenium/selenium-edge-driver/3.141.59/selenium-edge-driver-3.141.59.jar:/Users/surajbhosale/.m2/repository/org/seleniumhq/selenium/selenium-firefox-driver/3.141.59/selenium-firefox-driver-3.141.59.jar:/Users/surajbhosale/.m2/repository/org/seleniumhq/selenium/selenium-ie-driver/3.141.59/selenium-ie-driver-3.141.59.jar:/Users/surajbhosale/.m2/repository/org/seleniumhq/selenium/selenium-opera-driver/3.141.59/selenium-opera-driver-3.141.59.jar:/Users/surajbhosale/.m2/repository/org/seleniumhq/selenium/selenium-remote-driver/3.141.59/selenium-remote-driver-3.141.59.jar:/Users/surajbhosale/.m2/repository/org/seleniumhq/selenium/selenium-safari-driver/3.141.59/selenium-safari-driver-3.141.59.jar:/Users/surajbhosale/.m2/repository/org/seleniumhq/selenium/selenium-support/3.141.59/selenium-support-3.141.59.jar:/Users/surajbhosale/.m2/repository/net/bytebuddy/byte-buddy/1.8.15/byte-buddy-1.8.15.jar:/Users/surajbhosale/.m2/repository/org/apache/commons/commons-exec/1.3/commons-exec-1.3.jar:/Users/surajbhosale/.m2/repository/com/google/guava/guava/25.0-jre/guava-25.0-jre.jar:/Users/surajbhosale/.m2/repository/com/google/code/findbugs/jsr305/1.3.9/jsr305-1.3.9.jar:/Users/surajbhosale/.m2/repository/org/checkerframework/checker-compat-qual/2.0.0/checker-compat-qual-2.0.0.jar:/Users/surajbhosale/.m2/repository/com/google/errorprone/error_prone_annotations/2.1.3/error_prone_annotations-2.1.3.jar:/Users/surajbhosale/.m2/repository/com/google/j2objc/j2objc-annotations/1.1/j2objc-annotations-1.1.jar:/Users/surajbhosale/.m2/repository/org/codehaus/mojo/animal-sniffer-annotations/1.14/animal-sniffer-annotations-1.14.jar:/Users/surajbhosale/.m2/repository/com/squareup/okhttp3/okhttp/3.11.0/okhttp-3.11.0.jar:/Users/surajbhosale/.m2/repository/com/squareup/okio/okio/1.14.0/okio-1.14.0.jar:/Users/surajbhosale/.m2/repository/io/appium/java-client/7.6.0/java-client-7.6.0.jar:/Users/surajbhosale/.m2/repository/com/google/code/gson/gson/2.8.8/gson-2.8.8.jar:/Users/surajbhosale/.m2/repository/org/apache/httpcomponents/httpclient/4.5.13/httpclient-4.5.13.jar:/Users/surajbhosale/.m2/repository/org/apache/httpcomponents/httpcore/4.4.13/httpcore-4.4.13.jar:/Users/surajbhosale/.m2/repository/commons-logging/commons-logging/1.2/commons-logging-1.2.jar:/Users/surajbhosale/.m2/repository/commons-codec/commons-codec/1.11/commons-codec-1.11.jar:/Users/surajbhosale/.m2/repository/cglib/cglib/3.3.0/cglib-3.3.0.jar:/Users/surajbhosale/.m2/repository/commons-validator/commons-validator/1.7/commons-validator-1.7.jar:/Users/surajbhosale/.m2/repository/commons-beanutils/commons-beanutils/1.9.4/commons-beanutils-1.9.4.jar:/Users/surajbhosale/.m2/repository/commons-digester/commons-digester/2.1/commons-digester-2.1.jar:/Users/surajbhosale/.m2/repository/commons-collections/commons-collections/3.2.2/commons-collections-3.2.2.jar:/Users/surajbhosale/.m2/repository/org/apache/commons/commons-lang3/3.12.0/commons-lang3-3.12.0.jar:/Users/surajbhosale/.m2/repository/commons-io/commons-io/2.11.0/commons-io-2.11.0.jar:/Users/surajbhosale/.m2/repository/org/springframework/spring-context/5.3.10/spring-context-5.3.10.jar:/Users/surajbhosale/.m2/repository/org/springframework/spring-aop/5.3.10/spring-aop-5.3.10.jar:/Users/surajbhosale/.m2/repository/org/springframework/spring-beans/5.3.10/spring-beans-5.3.10.jar:/Users/surajbhosale/.m2/repository/org/springframework/spring-core/5.3.10/spring-core-5.3.10.jar:/Users/surajbhosale/.m2/repository/org/springframework/spring-jcl/5.3.10/spring-jcl-5.3.10.jar:/Users/surajbhosale/.m2/repository/org/springframework/spring-expression/5.3.10/spring-expression-5.3.10.jar:/Users/surajbhosale/.m2/repository/org/aspectj/aspectjweaver/1.9.7/aspectjweaver-1.9.7.jar:/Users/surajbhosale/.m2/repository/org/slf4j/slf4j-api/1.7.32/slf4j-api-1.7.32.jar:/Users/surajbhosale/.m2/repository/io/github/bonigarcia/webdrivermanager/3.7.1/webdrivermanager-3.7.1.jar:/Users/surajbhosale/.m2/repository/org/rauschig/jarchivelib/1.0.0/jarchivelib-1.0.0.jar:/Users/surajbhosale/.m2/repository/org/apache/commons/commons-compress/1.18/commons-compress-1.18.jar:/Users/surajbhosale/.m2/repository/org/jsoup/jsoup/1.11.3/jsoup-1.11.3.jar:"/>
    <property name="java.vm.vendor" value="Oracle Corporation"/>
    <property name="sun.arch.data.model" value="64"/>
    <property name="java.vendor.url" value="https://java.oracle.com/"/>
    <property name="os.name" value="Mac OS X"/>
    <property name="java.vm.specification.version" value="15"/>
    <property name="sun.java.launcher" value="SUN_STANDARD"/>
    <property name="user.country" value="IN"/>
    <property name="sun.boot.library.path" value="/Library/Java/JavaVirtualMachines/jdk-15.0.2.jdk/Contents/Home/lib"/>
    <property name="sun.java.command" value="/Users/surajbhosale/Documents/SurajWorkspace/Selenium/CucumberPractices/target/surefire/surefirebooter5015034561519317268.jar /Users/surajbhosale/Documents/SurajWorkspace/Selenium/CucumberPractices/target/surefire 2022-12-05T18-28-08_809-jvmRun1 surefire5260062770111247448tmp surefire_08709155484598884611tmp"/>
    <property name="http.nonProxyHosts" value="local|*.local|169.254/16|*.169.254/16"/>
    <property name="jdk.debug" value="release"/>
    <property name="surefire.test.class.path" value="/Users/surajbhosale/Documents/SurajWorkspace/Selenium/CucumberPractices/target/test-classes:/Users/surajbhosale/Documents/SurajWorkspace/Selenium/CucumberPractices/target/classes:/Users/surajbhosale/.m2/repository/junit/junit/4.13.2/junit-4.13.2.jar:/Users/surajbhosale/.m2/repository/org/hamcrest/hamcrest-core/1.3/hamcrest-core-1.3.jar:/Users/surajbhosale/.m2/repository/io/cucumber/cucumber-java/1.2.6/cucumber-java-1.2.6.jar:/Users/surajbhosale/.m2/repository/io/cucumber/cucumber-core/1.2.6/cucumber-core-1.2.6.jar:/Users/surajbhosale/.m2/repository/info/cukes/cucumber-html/0.2.3/cucumber-html-0.2.3.jar:/Users/surajbhosale/.m2/repository/info/cukes/cucumber-jvm-deps/1.0.5/cucumber-jvm-deps-1.0.5.jar:/Users/surajbhosale/.m2/repository/info/cukes/gherkin/2.12.2/gherkin-2.12.2.jar:/Users/surajbhosale/.m2/repository/io/cucumber/cucumber-junit/1.2.6/cucumber-junit-1.2.6.jar:/Users/surajbhosale/.m2/repository/org/apache/maven/plugins/maven-compiler-plugin/3.10.1/maven-compiler-plugin-3.10.1.jar:/Users/surajbhosale/.m2/repository/org/apache/maven/shared/maven-shared-utils/3.3.4/maven-shared-utils-3.3.4.jar:/Users/surajbhosale/.m2/repository/org/apache/maven/shared/maven-shared-incremental/1.1/maven-shared-incremental-1.1.jar:/Users/surajbhosale/.m2/repository/org/codehaus/plexus/plexus-component-annotations/1.5.5/plexus-component-annotations-1.5.5.jar:/Users/surajbhosale/.m2/repository/org/codehaus/plexus/plexus-java/1.1.1/plexus-java-1.1.1.jar:/Users/surajbhosale/.m2/repository/org/ow2/asm/asm/9.2/asm-9.2.jar:/Users/surajbhosale/.m2/repository/com/thoughtworks/qdox/qdox/2.0.1/qdox-2.0.1.jar:/Users/surajbhosale/.m2/repository/org/codehaus/plexus/plexus-compiler-api/2.11.1/plexus-compiler-api-2.11.1.jar:/Users/surajbhosale/.m2/repository/org/codehaus/plexus/plexus-utils/3.4.1/plexus-utils-3.4.1.jar:/Users/surajbhosale/.m2/repository/org/codehaus/plexus/plexus-compiler-manager/2.11.1/plexus-compiler-manager-2.11.1.jar:/Users/surajbhosale/.m2/repository/org/codehaus/plexus/plexus-compiler-javac/2.11.1/plexus-compiler-javac-2.11.1.jar:/Users/surajbhosale/.m2/repository/org/apache/maven/plugins/maven-failsafe-plugin/3.0.0-M7/maven-failsafe-plugin-3.0.0-M7.jar:/Users/surajbhosale/.m2/repository/org/apache/maven/surefire/maven-surefire-common/3.0.0-M7/maven-surefire-common-3.0.0-M7.jar:/Users/surajbhosale/.m2/repository/org/apache/maven/surefire/surefire-api/3.0.0-M7/surefire-api-3.0.0-M7.jar:/Users/surajbhosale/.m2/repository/org/apache/maven/surefire/surefire-logger-api/3.0.0-M7/surefire-logger-api-3.0.0-M7.jar:/Users/surajbhosale/.m2/repository/org/apache/maven/surefire/surefire-extensions-api/3.0.0-M7/surefire-extensions-api-3.0.0-M7.jar:/Users/surajbhosale/.m2/repository/org/apache/maven/surefire/surefire-booter/3.0.0-M7/surefire-booter-3.0.0-M7.jar:/Users/surajbhosale/.m2/repository/org/apache/maven/surefire/surefire-extensions-spi/3.0.0-M7/surefire-extensions-spi-3.0.0-M7.jar:/Users/surajbhosale/.m2/repository/org/apache/maven/shared/maven-common-artifact-filters/3.1.1/maven-common-artifact-filters-3.1.1.jar:/Users/surajbhosale/.m2/repository/org/apache/maven/maven-artifact/3.1.0/maven-artifact-3.1.0.jar:/Users/surajbhosale/.m2/repository/org/apache/maven/maven-core/3.1.0/maven-core-3.1.0.jar:/Users/surajbhosale/.m2/repository/org/apache/maven/maven-settings/3.1.0/maven-settings-3.1.0.jar:/Users/surajbhosale/.m2/repository/org/apache/maven/maven-settings-builder/3.1.0/maven-settings-builder-3.1.0.jar:/Users/surajbhosale/.m2/repository/org/apache/maven/maven-repository-metadata/3.1.0/maven-repository-metadata-3.1.0.jar:/Users/surajbhosale/.m2/repository/org/apache/maven/maven-model-builder/3.1.0/maven-model-builder-3.1.0.jar:/Users/surajbhosale/.m2/repository/org/apache/maven/maven-aether-provider/3.1.0/maven-aether-provider-3.1.0.jar:/Users/surajbhosale/.m2/repository/org/eclipse/aether/aether-spi/0.9.0.M2/aether-spi-0.9.0.M2.jar:/Users/surajbhosale/.m2/repository/org/eclipse/aether/aether-impl/0.9.0.M2/aether-impl-0.9.0.M2.jar:/Users/surajbhosale/.m2/repository/org/eclipse/aether/aether-api/0.9.0.M2/aether-api-0.9.0.M2.jar:/Users/surajbhosale/.m2/repository/org/eclipse/aether/aether-util/0.9.0.M2/aether-util-0.9.0.M2.jar:/Users/surajbhosale/.m2/repository/org/eclipse/sisu/org.eclipse.sisu.plexus/0.0.0.M2a/org.eclipse.sisu.plexus-0.0.0.M2a.jar:/Users/surajbhosale/.m2/repository/javax/enterprise/cdi-api/1.0/cdi-api-1.0.jar:/Users/surajbhosale/.m2/repository/javax/annotation/jsr250-api/1.0/jsr250-api-1.0.jar:/Users/surajbhosale/.m2/repository/javax/inject/javax.inject/1/javax.inject-1.jar:/Users/surajbhosale/.m2/repository/org/sonatype/sisu/sisu-guice/3.1.0/sisu-guice-3.1.0-no_aop.jar:/Users/surajbhosale/.m2/repository/aopalliance/aopalliance/1.0/aopalliance-1.0.jar:/Users/surajbhosale/.m2/repository/org/eclipse/sisu/org.eclipse.sisu.inject/0.0.0.M2a/org.eclipse.sisu.inject-0.0.0.M2a.jar:/Users/surajbhosale/.m2/repository/asm/asm/3.3.1/asm-3.3.1.jar:/Users/surajbhosale/.m2/repository/org/codehaus/plexus/plexus-interpolation/1.16/plexus-interpolation-1.16.jar:/Users/surajbhosale/.m2/repository/org/codehaus/plexus/plexus-classworlds/2.4.2/plexus-classworlds-2.4.2.jar:/Users/surajbhosale/.m2/repository/org/sonatype/plexus/plexus-sec-dispatcher/1.3/plexus-sec-dispatcher-1.3.jar:/Users/surajbhosale/.m2/repository/org/sonatype/plexus/plexus-cipher/1.4/plexus-cipher-1.4.jar:/Users/surajbhosale/.m2/repository/org/apache/maven/maven-plugin-api/3.1.0/maven-plugin-api-3.1.0.jar:/Users/surajbhosale/.m2/repository/org/apache/maven/surefire/surefire-shared-utils/3.0.0-M7/surefire-shared-utils-3.0.0-M7.jar:/Users/surajbhosale/.m2/repository/org/hamcrest/hamcrest-all/1.3/hamcrest-all-1.3.jar:/Users/surajbhosale/.m2/repository/org/testng/testng/6.14.3/testng-6.14.3.jar:/Users/surajbhosale/.m2/repository/com/beust/jcommander/1.72/jcommander-1.72.jar:/Users/surajbhosale/.m2/repository/org/apache-extras/beanshell/bsh/2.0b6/bsh-2.0b6.jar:/Users/surajbhosale/.m2/repository/org/seleniumhq/selenium/selenium-java/3.141.59/selenium-java-3.141.59.jar:/Users/surajbhosale/.m2/repository/org/seleniumhq/selenium/selenium-api/3.141.59/selenium-api-3.141.59.jar:/Users/surajbhosale/.m2/repository/org/seleniumhq/selenium/selenium-chrome-driver/3.141.59/selenium-chrome-driver-3.141.59.jar:/Users/surajbhosale/.m2/repository/org/seleniumhq/selenium/selenium-edge-driver/3.141.59/selenium-edge-driver-3.141.59.jar:/Users/surajbhosale/.m2/repository/org/seleniumhq/selenium/selenium-firefox-driver/3.141.59/selenium-firefox-driver-3.141.59.jar:/Users/surajbhosale/.m2/repository/org/seleniumhq/selenium/selenium-ie-driver/3.141.59/selenium-ie-driver-3.141.59.jar:/Users/surajbhosale/.m2/repository/org/seleniumhq/selenium/selenium-opera-driver/3.141.59/selenium-opera-driver-3.141.59.jar:/Users/surajbhosale/.m2/repository/org/seleniumhq/selenium/selenium-remote-driver/3.141.59/selenium-remote-driver-3.141.59.jar:/Users/surajbhosale/.m2/repository/org/seleniumhq/selenium/selenium-safari-driver/3.141.59/selenium-safari-driver-3.141.59.jar:/Users/surajbhosale/.m2/repository/org/seleniumhq/selenium/selenium-support/3.141.59/selenium-support-3.141.59.jar:/Users/surajbhosale/.m2/repository/net/bytebuddy/byte-buddy/1.8.15/byte-buddy-1.8.15.jar:/Users/surajbhosale/.m2/repository/org/apache/commons/commons-exec/1.3/commons-exec-1.3.jar:/Users/surajbhosale/.m2/repository/com/google/guava/guava/25.0-jre/guava-25.0-jre.jar:/Users/surajbhosale/.m2/repository/com/google/code/findbugs/jsr305/1.3.9/jsr305-1.3.9.jar:/Users/surajbhosale/.m2/repository/org/checkerframework/checker-compat-qual/2.0.0/checker-compat-qual-2.0.0.jar:/Users/surajbhosale/.m2/repository/com/google/errorprone/error_prone_annotations/2.1.3/error_prone_annotations-2.1.3.jar:/Users/surajbhosale/.m2/repository/com/google/j2objc/j2objc-annotations/1.1/j2objc-annotations-1.1.jar:/Users/surajbhosale/.m2/repository/org/codehaus/mojo/animal-sniffer-annotations/1.14/animal-sniffer-annotations-1.14.jar:/Users/surajbhosale/.m2/repository/com/squareup/okhttp3/okhttp/3.11.0/okhttp-3.11.0.jar:/Users/surajbhosale/.m2/repository/com/squareup/okio/okio/1.14.0/okio-1.14.0.jar:/Users/surajbhosale/.m2/repository/io/appium/java-client/7.6.0/java-client-7.6.0.jar:/Users/surajbhosale/.m2/repository/com/google/code/gson/gson/2.8.8/gson-2.8.8.jar:/Users/surajbhosale/.m2/repository/org/apache/httpcomponents/httpclient/4.5.13/httpclient-4.5.13.jar:/Users/surajbhosale/.m2/repository/org/apache/httpcomponents/httpcore/4.4.13/httpcore-4.4.13.jar:/Users/surajbhosale/.m2/repository/commons-logging/commons-logging/1.2/commons-logging-1.2.jar:/Users/surajbhosale/.m2/repository/commons-codec/commons-codec/1.11/commons-codec-1.11.jar:/Users/surajbhosale/.m2/repository/cglib/cglib/3.3.0/cglib-3.3.0.jar:/Users/surajbhosale/.m2/repository/commons-validator/commons-validator/1.7/commons-validator-1.7.jar:/Users/surajbhosale/.m2/repository/commons-beanutils/commons-beanutils/1.9.4/commons-beanutils-1.9.4.jar:/Users/surajbhosale/.m2/repository/commons-digester/commons-digester/2.1/commons-digester-2.1.jar:/Users/surajbhosale/.m2/repository/commons-collections/commons-collections/3.2.2/commons-collections-3.2.2.jar:/Users/surajbhosale/.m2/repository/org/apache/commons/commons-lang3/3.12.0/commons-lang3-3.12.0.jar:/Users/surajbhosale/.m2/repository/commons-io/commons-io/2.11.0/commons-io-2.11.0.jar:/Users/surajbhosale/.m2/repository/org/springframework/spring-context/5.3.10/spring-context-5.3.10.jar:/Users/surajbhosale/.m2/repository/org/springframework/spring-aop/5.3.10/spring-aop-5.3.10.jar:/Users/surajbhosale/.m2/repository/org/springframework/spring-beans/5.3.10/spring-beans-5.3.10.jar:/Users/surajbhosale/.m2/repository/org/springframework/spring-core/5.3.10/spring-core-5.3.10.jar:/Users/surajbhosale/.m2/repository/org/springframework/spring-jcl/5.3.10/spring-jcl-5.3.10.jar:/Users/surajbhosale/.m2/repository/org/springframework/spring-expression/5.3.10/spring-expression-5.3.10.jar:/Users/surajbhosale/.m2/repository/org/aspectj/aspectjweaver/1.9.7/aspectjweaver-1.9.7.jar:/Users/surajbhosale/.m2/repository/org/slf4j/slf4j-api/1.7.32/slf4j-api-1.7.32.jar:/Users/surajbhosale/.m2/repository/io/github/bonigarcia/webdrivermanager/3.7.1/webdrivermanager-3.7.1.jar:/Users/surajbhosale/.m2/repository/org/rauschig/jarchivelib/1.0.0/jarchivelib-1.0.0.jar:/Users/surajbhosale/.m2/repository/org/apache/commons/commons-compress/1.18/commons-compress-1.18.jar:/Users/surajbhosale/.m2/repository/org/jsoup/jsoup/1.11.3/jsoup-1.11.3.jar:"/>
    <property name="sun.cpu.endian" value="little"/>
    <property name="user.home" value="/Users/surajbhosale"/>
    <property name="user.language" value="en"/>
    <property name="java.specification.vendor" value="Oracle Corporation"/>
    <property name="java.version.date" value="2021-01-19"/>
    <property name="java.home" value="/Library/Java/JavaVirtualMachines/jdk-15.0.2.jdk/Contents/Home"/>
    <property name="file.separator" value="/"/>
    <property name="basedir" value="/Users/surajbhosale/Documents/SurajWorkspace/Selenium/CucumberPractices"/>
    <property name="java.vm.compressedOopsMode" value="Zero based"/>
    <property name="line.separator" value="&#10;"/>
    <property name="java.specification.name" value="Java Platform API Specification"/>
    <property name="java.vm.specification.vendor" value="Oracle Corporation"/>
    <property name="surefire.real.class.path" value="/Users/surajbhosale/Documents/SurajWorkspace/Selenium/CucumberPractices/target/surefire/surefirebooter5015034561519317268.jar"/>
    <property name="sun.management.compiler" value="HotSpot 64-Bit Tiered Compilers"/>
    <property name="ftp.nonProxyHosts" value="local|*.local|169.254/16|*.169.254/16"/>
    <property name="java.runtime.version" value="15.0.2+7-27"/>
    <property name="user.name" value="surajbhosale"/>
    <property name="path.separator" value=":"/>
    <property name="os.version" value="10.15.7"/>
    <property name="java.runtime.name" value="Java(TM) SE Runtime Environment"/>
    <property name="file.encoding" value="UTF-8"/>
    <property name="java.vm.name" value="Java HotSpot(TM) 64-Bit Server VM"/>
    <property name="localRepository" value="/Users/surajbhosale/.m2/repository"/>
    <property name="java.vendor.url.bug" value="https://bugreport.java.com/bugreport/"/>
    <property name="java.io.tmpdir" value="/var/folders/wy/n__rtd912qg0czk_11hr14zm0000gn/T/"/>
    <property name="java.version" value="15.0.2"/>
    <property name="user.dir" value="/Users/surajbhosale/Documents/SurajWorkspace/Selenium/CucumberPractices"/>
    <property name="os.arch" value="x86_64"/>
    <property name="java.vm.specification.name" value="Java Virtual Machine Specification"/>
    <property name="java.library.path" value="/Users/surajbhosale/Library/Java/Extensions:/Library/Java/Extensions:/Network/Library/Java/Extensions:/System/Library/Java/Extensions:/usr/lib/java:."/>
    <property name="java.vm.info" value="mixed mode, sharing"/>
    <property name="java.vendor" value="Oracle Corporation"/>
    <property name="java.vm.version" value="15.0.2+7-27"/>
    <property name="sun.io.unicode.encoding" value="UnicodeBig"/>
    <property name="socksNonProxyHosts" value="local|*.local|169.254/16|*.169.254/16"/>
    <property name="java.class.version" value="59.0"/>
  </properties>
</testsuite>